[debug] [2024-07-16T19:06:20.319Z] ----------------------------------------------------------------------
[debug] [2024-07-16T19:06:20.322Z] Command:       C:\Program Files\nodejs\node.exe C:\Users\david\AppData\Roaming\npm\node_modules\firebase-tools\lib\bin\firebase.js deploy
[debug] [2024-07-16T19:06:20.322Z] CLI Version:   13.13.2
[debug] [2024-07-16T19:06:20.323Z] Platform:      win32
[debug] [2024-07-16T19:06:20.323Z] Node Version:  v20.10.0
[debug] [2024-07-16T19:06:20.323Z] Time:          Tue Jul 16 2024 16:06:20 GMT-0300 (hora estándar de Argentina)
[debug] [2024-07-16T19:06:20.323Z] ----------------------------------------------------------------------
[debug] 
[debug] [2024-07-16T19:06:20.329Z] >>> [apiv2][query] GET https://firebase-public.firebaseio.com/cli.json [none]
[debug] [2024-07-16T19:06:20.450Z] > refreshing access token with scopes: []
[debug] [2024-07-16T19:06:20.452Z] >>> [apiv2][query] POST https://www.googleapis.com/oauth2/v3/token [none]
[debug] [2024-07-16T19:06:20.452Z] >>> [apiv2][body] POST https://www.googleapis.com/oauth2/v3/token [omitted]
[debug] [2024-07-16T19:06:20.669Z] <<< [apiv2][status] POST https://www.googleapis.com/oauth2/v3/token 200
[debug] [2024-07-16T19:06:20.669Z] <<< [apiv2][body] POST https://www.googleapis.com/oauth2/v3/token [omitted]
[debug] [2024-07-16T19:06:20.697Z] > command requires scopes: ["email","openid","https://www.googleapis.com/auth/cloudplatformprojects.readonly","https://www.googleapis.com/auth/firebase","https://www.googleapis.com/auth/cloud-platform"]
[debug] [2024-07-16T19:06:20.698Z] > authorizing via signed-in user (david.soto.test@gmail.com)
[debug] [2024-07-16T19:06:20.698Z] [iam] checking project webescuelacantilo for permissions ["firebase.projects.get","firebasehosting.sites.update"]
[debug] [2024-07-16T19:06:20.698Z] >>> [apiv2][query] POST https://cloudresourcemanager.googleapis.com/v1/projects/webescuelacantilo:testIamPermissions [none]
[debug] [2024-07-16T19:06:20.698Z] >>> [apiv2][(partial)header] POST https://cloudresourcemanager.googleapis.com/v1/projects/webescuelacantilo:testIamPermissions x-goog-quota-user=projects/webescuelacantilo
[debug] [2024-07-16T19:06:20.699Z] >>> [apiv2][body] POST https://cloudresourcemanager.googleapis.com/v1/projects/webescuelacantilo:testIamPermissions {"permissions":["firebase.projects.get","firebasehosting.sites.update"]}
[debug] [2024-07-16T19:06:20.900Z] <<< [apiv2][status] GET https://firebase-public.firebaseio.com/cli.json 200
[debug] [2024-07-16T19:06:20.901Z] <<< [apiv2][body] GET https://firebase-public.firebaseio.com/cli.json {"cloudBuildErrorAfter":1594252800000,"cloudBuildWarnAfter":1590019200000,"defaultNode10After":1594252800000,"minVersion":"3.0.5","node8DeploysDisabledAfter":1613390400000,"node8RuntimeDisabledAfter":1615809600000,"node8WarnAfter":1600128000000}
[debug] [2024-07-16T19:06:21.829Z] <<< [apiv2][status] POST https://cloudresourcemanager.googleapis.com/v1/projects/webescuelacantilo:testIamPermissions 200
[debug] [2024-07-16T19:06:21.829Z] <<< [apiv2][body] POST https://cloudresourcemanager.googleapis.com/v1/projects/webescuelacantilo:testIamPermissions {}
[debug] [2024-07-16T19:06:21.829Z] [iam] error while checking permissions, command may fail: FirebaseError: Authorization failed. This account is missing the following required permissions on project webescuelacantilo:

  firebase.projects.get
  firebasehosting.sites.update
[debug] [2024-07-16T19:06:21.830Z] >>> [apiv2][query] GET https://firebase.googleapis.com/v1beta1/projects/webescuelacantilo [none]
[debug] [2024-07-16T19:06:22.200Z] <<< [apiv2][status] GET https://firebase.googleapis.com/v1beta1/projects/webescuelacantilo 403
[debug] [2024-07-16T19:06:22.201Z] <<< [apiv2][body] GET https://firebase.googleapis.com/v1beta1/projects/webescuelacantilo {"error":{"code":403,"message":"The caller does not have permission","status":"PERMISSION_DENIED"}}
[debug] [2024-07-16T19:06:22.202Z] HTTP Error: 403, The caller does not have permission
[error] 
[error] Error: Assertion failed: resolving hosting target of a site with no site name or target name. This should have caused an error earlier
